<?xml version="1.0" encoding="UTF-8"?>
<testng-results ignored="0" total="3" passed="3" failed="0" skipped="0">
  <reporter-output>
    <line>
      <![CDATA[hello selenium]]>
    </line>
    <line>
      <![CDATA[hello python]]>
    </line>
    <line>
      <![CDATA[hello selenium]]>
    </line>
  </reporter-output>
  <suite started-at="2021-05-30T14:32:42 IST" name="Suite" finished-at="2021-05-30T14:32:42 IST" duration-ms="88">
    <groups>
    </groups>
    <test started-at="2021-05-30T14:32:42 IST" name="Test" finished-at="2021-05-30T14:32:42 IST" duration-ms="88">
      <class name="demo.Test3">
        <test-method signature="demo()[pri:0, instance:demo.Test3@7e9131d5]" started-at="2021-05-30T14:32:42 IST" name="demo" finished-at="2021-05-30T14:32:42 IST" duration-ms="1" status="PASS">
          <reporter-output>
            <line>
              <![CDATA[hello selenium]]>
            </line>
          </reporter-output>
        </test-method> <!-- demo -->
      </class> <!-- demo.Test3 -->
      <class name="demo.Test1">
        <test-method signature="demo()[pri:0, instance:demo.Test1@f381794]" started-at="2021-05-30T14:32:42 IST" name="demo" finished-at="2021-05-30T14:32:42 IST" duration-ms="18" status="PASS">
          <reporter-output>
            <line>
              <![CDATA[hello selenium]]>
            </line>
          </reporter-output>
        </test-method> <!-- demo -->
      </class> <!-- demo.Test1 -->
      <class name="demo.Test2">
        <test-method signature="sample()[pri:0, instance:demo.Test2@2cdd0d4b]" started-at="2021-05-30T14:32:42 IST" name="sample" finished-at="2021-05-30T14:32:42 IST" duration-ms="2" status="PASS">
          <reporter-output>
            <line>
              <![CDATA[hello python]]>
            </line>
          </reporter-output>
        </test-method> <!-- sample -->
      </class> <!-- demo.Test2 -->
    </test> <!-- Test -->
  </suite> <!-- Suite -->
</testng-results>
